[INFO ] 2016-06-30 21:28:28.366 [main] Db - Conexão com o BD estabelecida.
[INFO ] 2016-06-30 21:28:59.720 [AWT-EventQueue-0] Db - Conexão com o BD estabelecida.
[ERROR] 2016-06-30 21:29:06.372 [AWT-EventQueue-0] Janela - Erro ao importar os dados do arquivo /home/mangeli/Documentos/suporte PNCT/67/Nova pasta (2)/067004_dadosOD.db
java.lang.NumberFormatException: For input string: "Inf"
	at java.lang.NumberFormatException.forInputString(NumberFormatException.java:65) ~[?:1.8.0_91]
	at java.lang.Integer.parseInt(Integer.java:580) ~[?:1.8.0_91]
	at java.math.BigInteger.<init>(BigInteger.java:461) ~[?:1.8.0_91]
	at java.math.BigInteger.<init>(BigInteger.java:597) ~[?:1.8.0_91]
	at br.ufrj.coppetec.concentrador.database.myDB.getIntValue(myDB.java:274) ~[classes/:?]
	at br.ufrj.coppetec.concentrador.database.ImportedDB.importData(ImportedDB.java:109) ~[classes/:?]
	at br.ufrj.coppetec.concentrador.Janela.btnInDadosActionPerformed(Janela.java:5960) [classes/:?]
	at br.ufrj.coppetec.concentrador.Janela.access$400(Janela.java:41) [classes/:?]
	at br.ufrj.coppetec.concentrador.Janela$6.actionPerformed(Janela.java:5818) [classes/:?]
	at javax.swing.AbstractButton.fireActionPerformed(AbstractButton.java:2022) [?:1.8.0_91]
	at javax.swing.AbstractButton$Handler.actionPerformed(AbstractButton.java:2348) [?:1.8.0_91]
	at javax.swing.DefaultButtonModel.fireActionPerformed(DefaultButtonModel.java:402) [?:1.8.0_91]
	at javax.swing.DefaultButtonModel.setPressed(DefaultButtonModel.java:259) [?:1.8.0_91]
	at javax.swing.plaf.basic.BasicButtonListener.mouseReleased(BasicButtonListener.java:252) [?:1.8.0_91]
	at java.awt.Component.processMouseEvent(Component.java:6535) [?:1.8.0_91]
	at javax.swing.JComponent.processMouseEvent(JComponent.java:3324) [?:1.8.0_91]
	at java.awt.Component.processEvent(Component.java:6300) [?:1.8.0_91]
	at java.awt.Container.processEvent(Container.java:2236) [?:1.8.0_91]
	at java.awt.Component.dispatchEventImpl(Component.java:4891) [?:1.8.0_91]
	at java.awt.Container.dispatchEventImpl(Container.java:2294) [?:1.8.0_91]
	at java.awt.Component.dispatchEvent(Component.java:4713) [?:1.8.0_91]
	at java.awt.LightweightDispatcher.retargetMouseEvent(Container.java:4888) [?:1.8.0_91]
	at java.awt.LightweightDispatcher.processMouseEvent(Container.java:4525) [?:1.8.0_91]
	at java.awt.LightweightDispatcher.dispatchEvent(Container.java:4466) [?:1.8.0_91]
	at java.awt.Container.dispatchEventImpl(Container.java:2280) [?:1.8.0_91]
	at java.awt.Window.dispatchEventImpl(Window.java:2750) [?:1.8.0_91]
	at java.awt.Component.dispatchEvent(Component.java:4713) [?:1.8.0_91]
	at java.awt.EventQueue.dispatchEventImpl(EventQueue.java:758) [?:1.8.0_91]
	at java.awt.EventQueue.access$500(EventQueue.java:97) [?:1.8.0_91]
	at java.awt.EventQueue$3.run(EventQueue.java:709) [?:1.8.0_91]
	at java.awt.EventQueue$3.run(EventQueue.java:703) [?:1.8.0_91]
	at java.security.AccessController.doPrivileged(Native Method) ~[?:1.8.0_91]
	at java.security.ProtectionDomain$JavaSecurityAccessImpl.doIntersectionPrivilege(ProtectionDomain.java:76) [?:1.8.0_91]
	at java.security.ProtectionDomain$JavaSecurityAccessImpl.doIntersectionPrivilege(ProtectionDomain.java:86) [?:1.8.0_91]
	at java.awt.EventQueue$4.run(EventQueue.java:731) [?:1.8.0_91]
	at java.awt.EventQueue$4.run(EventQueue.java:729) [?:1.8.0_91]
	at java.security.AccessController.doPrivileged(Native Method) ~[?:1.8.0_91]
	at java.security.ProtectionDomain$JavaSecurityAccessImpl.doIntersectionPrivilege(ProtectionDomain.java:76) [?:1.8.0_91]
	at java.awt.EventQueue.dispatchEvent(EventQueue.java:728) [?:1.8.0_91]
	at java.awt.EventDispatchThread.pumpOneEventForFilters(EventDispatchThread.java:201) [?:1.8.0_91]
	at java.awt.EventDispatchThread.pumpEventsForFilter(EventDispatchThread.java:116) [?:1.8.0_91]
	at java.awt.EventDispatchThread.pumpEventsForHierarchy(EventDispatchThread.java:105) [?:1.8.0_91]
	at java.awt.EventDispatchThread.pumpEvents(EventDispatchThread.java:101) [?:1.8.0_91]
	at java.awt.EventDispatchThread.pumpEvents(EventDispatchThread.java:93) [?:1.8.0_91]
	at java.awt.EventDispatchThread.run(EventDispatchThread.java:82) [?:1.8.0_91]
[INFO ] 2016-06-30 21:45:45.777 [main] Db - Conexão com o BD estabelecida.
[INFO ] 2016-06-30 21:47:14.971 [AWT-EventQueue-0] Db - Conexão com o BD estabelecida.
[ERROR] 2016-06-30 21:47:21.350 [AWT-EventQueue-0] ImportedDB - Erro a inserir o registro:
INSERT OR IGNORE INTO odTable (id, enviado, estaNoNote, cancelado, idPosto, sentido, idIpad, login, dataIniPesq, dataFimPesq, placa, anoDeFabricacao, tipo, idOrigemPais, idOrigemMunicipio, idDestinoPais, idDestinoMunicipio, idMotivoDeEscolhaDaRota, frequenciaQtd, frequenciaPeriodo, idPropriedadesDoVeiculo, placaEstrangeira, idPaisPlacaEstrangeira, idCombustivel, categoria, possuiReboque, numeroDePessoasNoVeiculo, numeroDePessoasATrabalho, idRendaMedia, idMotivoDaViagem, tipoCaminhao, idTipoDeContainer, idTipoCarroceria, rntrc, possuiCargaPerigosa, idNumeroDeRisco, idNumeroDaOnu, idAgregado, placaVermelha, idTipoDeViagemOuServico, pesoDaCarga, valorDoFrete, utilizaParadaEspecial, idProduto, idCargaAnterior, valorDaCarga, municipioEmbarqueCarga, idLocalEmbarqueCarga, municipioDesembarqueCarga, idLocalDesembarqueCarga, indoPegarCarga, paradaObrigatoriaMunicipio1, paradaObrigatoriaMunicipio2, idPerguntaExtra)  VALUES ( '0670041467071382', 0, 1, 0, 67, 'AB', '067004', '067AB', '2016-06-27 20:49:42', '2016-06-27 20:52:53', 'OOO-0000', 2000, 'R3', 1, 9052, 1, 625, 5, 
java.lang.NumberFormatException: For input string: "Inf"
	at java.lang.NumberFormatException.forInputString(NumberFormatException.java:65) ~[?:1.8.0_91]
	at java.lang.Integer.parseInt(Integer.java:580) ~[?:1.8.0_91]
	at java.math.BigInteger.<init>(BigInteger.java:461) ~[?:1.8.0_91]
	at java.math.BigInteger.<init>(BigInteger.java:597) ~[?:1.8.0_91]
	at br.ufrj.coppetec.concentrador.database.myDB.getIntValue(myDB.java:274) ~[classes/:?]
	at br.ufrj.coppetec.concentrador.database.ImportedDB.importData(ImportedDB.java:110) [classes/:?]
	at br.ufrj.coppetec.concentrador.Janela.btnInDadosActionPerformed(Janela.java:5960) [classes/:?]
	at br.ufrj.coppetec.concentrador.Janela.access$400(Janela.java:41) [classes/:?]
	at br.ufrj.coppetec.concentrador.Janela$6.actionPerformed(Janela.java:5818) [classes/:?]
	at javax.swing.AbstractButton.fireActionPerformed(AbstractButton.java:2022) [?:1.8.0_91]
	at javax.swing.AbstractButton$Handler.actionPerformed(AbstractButton.java:2348) [?:1.8.0_91]
	at javax.swing.DefaultButtonModel.fireActionPerformed(DefaultButtonModel.java:402) [?:1.8.0_91]
	at javax.swing.DefaultButtonModel.setPressed(DefaultButtonModel.java:259) [?:1.8.0_91]
	at javax.swing.plaf.basic.BasicButtonListener.mouseReleased(BasicButtonListener.java:252) [?:1.8.0_91]
	at java.awt.Component.processMouseEvent(Component.java:6535) [?:1.8.0_91]
	at javax.swing.JComponent.processMouseEvent(JComponent.java:3324) [?:1.8.0_91]
	at java.awt.Component.processEvent(Component.java:6300) [?:1.8.0_91]
	at java.awt.Container.processEvent(Container.java:2236) [?:1.8.0_91]
	at java.awt.Component.dispatchEventImpl(Component.java:4891) [?:1.8.0_91]
	at java.awt.Container.dispatchEventImpl(Container.java:2294) [?:1.8.0_91]
	at java.awt.Component.dispatchEvent(Component.java:4713) [?:1.8.0_91]
	at java.awt.LightweightDispatcher.retargetMouseEvent(Container.java:4888) [?:1.8.0_91]
	at java.awt.LightweightDispatcher.processMouseEvent(Container.java:4525) [?:1.8.0_91]
	at java.awt.LightweightDispatcher.dispatchEvent(Container.java:4466) [?:1.8.0_91]
	at java.awt.Container.dispatchEventImpl(Container.java:2280) [?:1.8.0_91]
	at java.awt.Window.dispatchEventImpl(Window.java:2750) [?:1.8.0_91]
	at java.awt.Component.dispatchEvent(Component.java:4713) [?:1.8.0_91]
	at java.awt.EventQueue.dispatchEventImpl(EventQueue.java:758) [?:1.8.0_91]
	at java.awt.EventQueue.access$500(EventQueue.java:97) [?:1.8.0_91]
	at java.awt.EventQueue$3.run(EventQueue.java:709) [?:1.8.0_91]
	at java.awt.EventQueue$3.run(EventQueue.java:703) [?:1.8.0_91]
	at java.security.AccessController.doPrivileged(Native Method) ~[?:1.8.0_91]
	at java.security.ProtectionDomain$JavaSecurityAccessImpl.doIntersectionPrivilege(ProtectionDomain.java:76) [?:1.8.0_91]
	at java.security.ProtectionDomain$JavaSecurityAccessImpl.doIntersectionPrivilege(ProtectionDomain.java:86) [?:1.8.0_91]
	at java.awt.EventQueue$4.run(EventQueue.java:731) [?:1.8.0_91]
	at java.awt.EventQueue$4.run(EventQueue.java:729) [?:1.8.0_91]
	at java.security.AccessController.doPrivileged(Native Method) ~[?:1.8.0_91]
	at java.security.ProtectionDomain$JavaSecurityAccessImpl.doIntersectionPrivilege(ProtectionDomain.java:76) [?:1.8.0_91]
	at java.awt.EventQueue.dispatchEvent(EventQueue.java:728) [?:1.8.0_91]
	at java.awt.EventDispatchThread.pumpOneEventForFilters(EventDispatchThread.java:201) [?:1.8.0_91]
	at java.awt.EventDispatchThread.pumpEventsForFilter(EventDispatchThread.java:116) [?:1.8.0_91]
	at java.awt.EventDispatchThread.pumpEventsForHierarchy(EventDispatchThread.java:105) [?:1.8.0_91]
	at java.awt.EventDispatchThread.pumpEvents(EventDispatchThread.java:101) [?:1.8.0_91]
	at java.awt.EventDispatchThread.pumpEvents(EventDispatchThread.java:93) [?:1.8.0_91]
	at java.awt.EventDispatchThread.run(EventDispatchThread.java:82) [?:1.8.0_91]
[INFO ] 2016-06-30 21:48:01.325 [main] Db - Conexão com o BD estabelecida.
[INFO ] 2016-06-30 21:54:49.805 [main] Db - Conexão com o BD estabelecida.
[INFO ] 2016-06-30 21:57:40.519 [main] Db - Conexão com o BD estabelecida.
[INFO ] 2016-06-30 21:58:56.916 [AWT-EventQueue-0] Db - Conexão com o BD estabelecida.
[ERROR] 2016-06-30 21:58:56.960 [AWT-EventQueue-0] ImportedDB - Erro a inserir o registro:
INSERT OR IGNORE INTO odTable (id, enviado, estaNoNote, cancelado, idPosto, sentido, idIpad, login, dataIniPesq, dataFimPesq, placa, anoDeFabricacao, tipo, idOrigemPais, idOrigemMunicipio, idDestinoPais, idDestinoMunicipio, idMotivoDeEscolhaDaRota, frequenciaQtd, frequenciaPeriodo, idPropriedadesDoVeiculo, placaEstrangeira, idPaisPlacaEstrangeira, idCombustivel, categoria, possuiReboque, numeroDePessoasNoVeiculo, numeroDePessoasATrabalho, idRendaMedia, idMotivoDaViagem, tipoCaminhao, idTipoDeContainer, idTipoCarroceria, rntrc, possuiCargaPerigosa, idNumeroDeRisco, idNumeroDaOnu, idAgregado, placaVermelha, idTipoDeViagemOuServico, pesoDaCarga, valorDoFrete, utilizaParadaEspecial, idProduto, idCargaAnterior, valorDaCarga, municipioEmbarqueCarga, idLocalEmbarqueCarga, municipioDesembarqueCarga, idLocalDesembarqueCarga, indoPegarCarga, paradaObrigatoriaMunicipio1, paradaObrigatoriaMunicipio2, idPerguntaExtra)  VALUES ( '0670041467071382', 0, 1, 0, 67, 'AB', '067004', '067AB', '2016-06-27 20:49:42', '2016-06-27 20:52:53', 'OOO-0000', 2000, 'R3', 1, 9052, 1, 625, 5, 
java.lang.NumberFormatException: For input string: "Inf"
	at java.lang.NumberFormatException.forInputString(NumberFormatException.java:65) ~[?:1.8.0_91]
	at java.lang.Integer.parseInt(Integer.java:580) ~[?:1.8.0_91]
	at java.math.BigInteger.<init>(BigInteger.java:461) ~[?:1.8.0_91]
	at java.math.BigInteger.<init>(BigInteger.java:597) ~[?:1.8.0_91]
	at br.ufrj.coppetec.concentrador.database.myDB.getIntValue(myDB.java:274) ~[classes/:?]
	at br.ufrj.coppetec.concentrador.database.ImportedDB.importData(ImportedDB.java:110) [classes/:?]
	at br.ufrj.coppetec.concentrador.Janela.btnInDadosActionPerformed(Janela.java:5918) [classes/:?]
	at br.ufrj.coppetec.concentrador.Janela.access$400(Janela.java:41) [classes/:?]
	at br.ufrj.coppetec.concentrador.Janela$6.actionPerformed(Janela.java:5782) [classes/:?]
	at javax.swing.AbstractButton.fireActionPerformed(AbstractButton.java:2022) [?:1.8.0_91]
	at javax.swing.AbstractButton$Handler.actionPerformed(AbstractButton.java:2348) [?:1.8.0_91]
	at javax.swing.DefaultButtonModel.fireActionPerformed(DefaultButtonModel.java:402) [?:1.8.0_91]
	at javax.swing.DefaultButtonModel.setPressed(DefaultButtonModel.java:259) [?:1.8.0_91]
	at javax.swing.plaf.basic.BasicButtonListener.mouseReleased(BasicButtonListener.java:252) [?:1.8.0_91]
	at java.awt.Component.processMouseEvent(Component.java:6535) [?:1.8.0_91]
	at javax.swing.JComponent.processMouseEvent(JComponent.java:3324) [?:1.8.0_91]
	at java.awt.Component.processEvent(Component.java:6300) [?:1.8.0_91]
	at java.awt.Container.processEvent(Container.java:2236) [?:1.8.0_91]
	at java.awt.Component.dispatchEventImpl(Component.java:4891) [?:1.8.0_91]
	at java.awt.Container.dispatchEventImpl(Container.java:2294) [?:1.8.0_91]
	at java.awt.Component.dispatchEvent(Component.java:4713) [?:1.8.0_91]
	at java.awt.LightweightDispatcher.retargetMouseEvent(Container.java:4888) [?:1.8.0_91]
	at java.awt.LightweightDispatcher.processMouseEvent(Container.java:4525) [?:1.8.0_91]
	at java.awt.LightweightDispatcher.dispatchEvent(Container.java:4466) [?:1.8.0_91]
	at java.awt.Container.dispatchEventImpl(Container.java:2280) [?:1.8.0_91]
	at java.awt.Window.dispatchEventImpl(Window.java:2750) [?:1.8.0_91]
	at java.awt.Component.dispatchEvent(Component.java:4713) [?:1.8.0_91]
	at java.awt.EventQueue.dispatchEventImpl(EventQueue.java:758) [?:1.8.0_91]
	at java.awt.EventQueue.access$500(EventQueue.java:97) [?:1.8.0_91]
	at java.awt.EventQueue$3.run(EventQueue.java:709) [?:1.8.0_91]
	at java.awt.EventQueue$3.run(EventQueue.java:703) [?:1.8.0_91]
	at java.security.AccessController.doPrivileged(Native Method) ~[?:1.8.0_91]
	at java.security.ProtectionDomain$JavaSecurityAccessImpl.doIntersectionPrivilege(ProtectionDomain.java:76) [?:1.8.0_91]
	at java.security.ProtectionDomain$JavaSecurityAccessImpl.doIntersectionPrivilege(ProtectionDomain.java:86) [?:1.8.0_91]
	at java.awt.EventQueue$4.run(EventQueue.java:731) [?:1.8.0_91]
	at java.awt.EventQueue$4.run(EventQueue.java:729) [?:1.8.0_91]
	at java.security.AccessController.doPrivileged(Native Method) ~[?:1.8.0_91]
	at java.security.ProtectionDomain$JavaSecurityAccessImpl.doIntersectionPrivilege(ProtectionDomain.java:76) [?:1.8.0_91]
	at java.awt.EventQueue.dispatchEvent(EventQueue.java:728) [?:1.8.0_91]
	at java.awt.EventDispatchThread.pumpOneEventForFilters(EventDispatchThread.java:201) [?:1.8.0_91]
	at java.awt.EventDispatchThread.pumpEventsForFilter(EventDispatchThread.java:116) [?:1.8.0_91]
	at java.awt.EventDispatchThread.pumpEventsForHierarchy(EventDispatchThread.java:105) [?:1.8.0_91]
	at java.awt.EventDispatchThread.pumpEvents(EventDispatchThread.java:101) [?:1.8.0_91]
	at java.awt.EventDispatchThread.pumpEvents(EventDispatchThread.java:93) [?:1.8.0_91]
	at java.awt.EventDispatchThread.run(EventDispatchThread.java:82) [?:1.8.0_91]
